生成启动时间为 2017/4/17 12:04:43。
     1>项目“C:\Users\yezp\Documents\Visual Studio 2012\Projects\subprogram\subprogram\subprogram.vcxproj”在节点 2 上(Build 个目标)。
     1>ClCompile:
         C:\Program Files (x86)\Microsoft Visual Studio 11.0\VC\bin\CL.exe /c /ZI /nologo /W3 /WX- /Od /Oy- /D WIN32 /D _DEBUG /D _CONSOLE /D _UNICODE /D UNICODE /Gm /EHsc /RTC1 /MDd /GS /fp:precise /Zc:wchar_t /Zc:forScope /Fo"Debug\\" /Fd"Debug\vc110.pdb" /Gd /TP /analyze- /errorReport:prompt graph3d.cpp reeb.cpp "源.cpp"
         graph3d.cpp
     1>c:\users\yezp\documents\visual studio 2012\projects\subprogram\subprogram\graph3d.cpp(13): warning C4018: “<”: 有符号/无符号不匹配
     1>c:\users\yezp\documents\visual studio 2012\projects\subprogram\subprogram\graph3d.cpp(15): warning C4018: “<”: 有符号/无符号不匹配
     1>c:\users\yezp\documents\visual studio 2012\projects\subprogram\subprogram\graph3d.cpp(34): warning C4018: “<”: 有符号/无符号不匹配
     1>c:\users\yezp\documents\visual studio 2012\projects\subprogram\subprogram\graph3d.cpp(35): warning C4018: “<”: 有符号/无符号不匹配
     1>c:\users\yezp\documents\visual studio 2012\projects\subprogram\subprogram\graph3d.cpp(65): warning C4018: “<”: 有符号/无符号不匹配
     1>c:\users\yezp\documents\visual studio 2012\projects\subprogram\subprogram\graph3d.cpp(75): warning C4018: “<”: 有符号/无符号不匹配
     1>c:\users\yezp\documents\visual studio 2012\projects\subprogram\subprogram\graph3d.cpp(76): warning C4018: “<”: 有符号/无符号不匹配
     1>c:\users\yezp\documents\visual studio 2012\projects\subprogram\subprogram\graph3d.cpp(84): warning C4018: “<”: 有符号/无符号不匹配
     1>c:\users\yezp\documents\visual studio 2012\projects\subprogram\subprogram\graph3d.cpp(85): warning C4018: “<”: 有符号/无符号不匹配
     1>c:\users\yezp\documents\visual studio 2012\projects\subprogram\subprogram\graph3d.cpp(125): warning C4018: “>=”: 有符号/无符号不匹配
     1>c:\users\yezp\documents\visual studio 2012\projects\subprogram\subprogram\graph3d.cpp(126): warning C4018: “>=”: 有符号/无符号不匹配
     1>c:\users\yezp\documents\visual studio 2012\projects\subprogram\subprogram\graph3d.cpp(144): warning C4018: “<”: 有符号/无符号不匹配
     1>c:\users\yezp\documents\visual studio 2012\projects\subprogram\subprogram\graph3d.cpp(145): warning C4018: “<”: 有符号/无符号不匹配
     1>c:\users\yezp\documents\visual studio 2012\projects\subprogram\subprogram\graph3d.cpp(166): warning C4018: “<”: 有符号/无符号不匹配
     1>c:\users\yezp\documents\visual studio 2012\projects\subprogram\subprogram\graph3d.cpp(167): warning C4018: “<”: 有符号/无符号不匹配
     1>c:\users\yezp\documents\visual studio 2012\projects\subprogram\subprogram\graph3d.cpp(180): warning C4018: “<”: 有符号/无符号不匹配
     1>c:\users\yezp\documents\visual studio 2012\projects\subprogram\subprogram\graph3d.cpp(181): warning C4018: “<”: 有符号/无符号不匹配
     1>c:\users\yezp\documents\visual studio 2012\projects\subprogram\subprogram\graph3d.cpp(211): warning C4018: “<”: 有符号/无符号不匹配
     1>c:\users\yezp\documents\visual studio 2012\projects\subprogram\subprogram\graph3d.cpp(212): warning C4018: “<”: 有符号/无符号不匹配
     1>c:\users\yezp\documents\visual studio 2012\projects\subprogram\subprogram\graph3d.cpp(224): warning C4018: “<”: 有符号/无符号不匹配
     1>c:\users\yezp\documents\visual studio 2012\projects\subprogram\subprogram\graph3d.cpp(225): warning C4018: “<”: 有符号/无符号不匹配
     1>c:\users\yezp\documents\visual studio 2012\projects\subprogram\subprogram\graph3d.cpp(236): warning C4018: “<”: 有符号/无符号不匹配
     1>c:\users\yezp\documents\visual studio 2012\projects\subprogram\subprogram\graph3d.cpp(237): warning C4018: “<”: 有符号/无符号不匹配
     1>c:\users\yezp\documents\visual studio 2012\projects\subprogram\subprogram\graph3d.cpp(248): warning C4018: “<”: 有符号/无符号不匹配
     1>c:\users\yezp\documents\visual studio 2012\projects\subprogram\subprogram\graph3d.cpp(249): warning C4018: “<”: 有符号/无符号不匹配
     1>c:\users\yezp\documents\visual studio 2012\projects\subprogram\subprogram\graph3d.cpp(265): warning C4018: “<”: 有符号/无符号不匹配
         正在生成代码...
         正在编译...
         源.cpp
         reeb.cpp
     1>c:\users\yezp\documents\visual studio 2012\projects\subprogram\subprogram\reeb.cpp(9): warning C4018: “<”: 有符号/无符号不匹配
     1>c:\users\yezp\documents\visual studio 2012\projects\subprogram\subprogram\reeb.cpp(14): warning C4018: “<”: 有符号/无符号不匹配
     1>c:\users\yezp\documents\visual studio 2012\projects\subprogram\subprogram\reeb.cpp(22): warning C4018: “<”: 有符号/无符号不匹配
     1>c:\users\yezp\documents\visual studio 2012\projects\subprogram\subprogram\reeb.cpp(24): warning C4018: “<”: 有符号/无符号不匹配
     1>c:\users\yezp\documents\visual studio 2012\projects\subprogram\subprogram\reeb.cpp(26): warning C4018: “<”: 有符号/无符号不匹配
     1>c:\users\yezp\documents\visual studio 2012\projects\subprogram\subprogram\reeb.cpp(42): warning C4018: “<”: 有符号/无符号不匹配
     1>c:\users\yezp\documents\visual studio 2012\projects\subprogram\subprogram\reeb.cpp(44): warning C4018: “<”: 有符号/无符号不匹配
     1>c:\users\yezp\documents\visual studio 2012\projects\subprogram\subprogram\reeb.cpp(50): warning C4018: “<”: 有符号/无符号不匹配
     1>c:\users\yezp\documents\visual studio 2012\projects\subprogram\subprogram\reeb.cpp(58): warning C4018: “<”: 有符号/无符号不匹配
     1>c:\users\yezp\documents\visual studio 2012\projects\subprogram\subprogram\reeb.cpp(59): warning C4018: “<”: 有符号/无符号不匹配
         正在生成代码...
       Link:
         C:\Program Files (x86)\Microsoft Visual Studio 11.0\VC\bin\link.exe /ERRORREPORT:PROMPT /OUT:"C:\Users\yezp\Documents\Visual Studio 2012\Projects\subprogram\Debug\subprogram.exe" /INCREMENTAL /NOLOGO kernel32.lib user32.lib gdi32.lib winspool.lib comdlg32.lib advapi32.lib shell32.lib ole32.lib oleaut32.lib uuid.lib odbc32.lib odbccp32.lib /MANIFEST /MANIFESTUAC:"level='asInvoker' uiAccess='false'" /manifest:embed /DEBUG /PDB:"C:\Users\yezp\Documents\Visual Studio 2012\Projects\subprogram\Debug\subprogram.pdb" /SUBSYSTEM:CONSOLE /TLBID:1 /DYNAMICBASE /NXCOMPAT /IMPLIB:"C:\Users\yezp\Documents\Visual Studio 2012\Projects\subprogram\Debug\subprogram.lib" /MACHINE:X86 Debug\subprogram.res
         Debug\graph3d.obj
         Debug\reeb.obj
         "Debug\源.obj"
         subprogram.vcxproj -> C:\Users\yezp\Documents\Visual Studio 2012\Projects\subprogram\Debug\subprogram.exe
     1>已完成生成项目“C:\Users\yezp\Documents\Visual Studio 2012\Projects\subprogram\subprogram\subprogram.vcxproj”(Build 个目标)的操作。

生成成功。

已用时间 00:00:03.35
